WARNING: A restricted method in java.lang.System has been called
WARNING: java.lang.System::load has been called by net.rubygrapefruit.platform.internal.NativeLibraryLoader in an unnamed module (file:/Users/andrewlim/.gradle/wrapper/dists/gradle-8.13-bin/5xuhj0ry160q40clulazy9h7d/gradle-8.13/lib/native-platform-0.22-milestone-28.jar)
WARNING: Use --enable-native-access=ALL-UNNAMED to avoid a warning for callers in this module
WARNING: Restricted methods will be blocked in a future release unless native access is enabled

Starting a Gradle Daemon (subsequent builds will be faster)

[Incubating] Problems report is available at: file:///Users/andrewlim/Desktop/Developer/Mohe/MoheBatch/build/reports/problems/problems-report.html

FAILURE: Build completed with 2 failures.

1: Task failed with an exception.
-----------
* Where:
Build file '/Users/andrewlim/Desktop/Developer/Mohe/MoheBatch/build.gradle.kts' line: 71

* What went wrong:
Could not create task ':test'.
> Could not create task of type 'Test'.
   > Could not create an instance of type org.gradle.api.internal.tasks.testing.DefaultTestTaskReports.
      > Could not create an instance of type org.gradle.api.reporting.internal.DefaultReportContainer.
         > Type T not present

* Try:
> Run with --stacktrace option to get the stack trace.
> Run with --info or --debug option to get more log output.
> Run with --scan to get full insights.
> Get more help at https://help.gradle.org.
==============================================================================

2: Task failed with an exception.
-----------
* Where:
Build file '/Users/andrewlim/Desktop/Developer/Mohe/MoheBatch/build.gradle.kts' line: 71

* What went wrong:
Could not create task ':test'.
> Could not create task of type 'Test'.
   > Could not create an instance of type org.gradle.api.internal.tasks.testing.DefaultTestTaskReports.
      > Could not create an instance of type org.gradle.api.reporting.internal.DefaultReportContainer.
         > Type T not present

* Try:
> Run with --stacktrace option to get the stack trace.
> Run with --info or --debug option to get more log output.
> Run with --scan to get full insights.
> Get more help at https://help.gradle.org.
==============================================================================

Deprecated Gradle features were used in this build, making it incompatible with Gradle 9.0.

You can use '--warning-mode all' to show the individual deprecation warnings and determine if they come from your own scripts or plugins.

For more on this, please refer to https://docs.gradle.org/8.13/userguide/command_line_interface.html#sec:command_line_warnings in the Gradle documentation.

BUILD FAILED in 4s
